Arguments: 
  /usr/local/bin/node /usr/local/Cellar/yarn/1.9.4/libexec/bin/yarn.js init

PATH: 
  /usr/local/opt/php@7.1/sbin:/usr/local/opt/php@7.1/bin:/usr/local/opt/php@7.1/sbin:/usr/local/opt/php@7.1/bin:/usr/local/bin:/usr/bin:/bin:/usr/sbin:/sbin:/Library/Frameworks/Mono.framework/Versions/Current/Commands:/Users/thales/Library/Android/sdk/tools:/Users/thales/Library/Android/sdk/platform-tools

Yarn version: 
  1.9.4

Node version: 
  6.11.4

Platform: 
  darwin x64

Trace: 
  Error: canceled
      at Interface.<anonymous> (/usr/local/Cellar/yarn/1.9.4/libexec/lib/cli.js:126002:13)
      at emitNone (events.js:86:13)
      at Interface.emit (events.js:185:7)
      at Interface._ttyWrite (readline.js:724:16)
      at ReadStream.onkeypress (readline.js:119:10)
      at emitTwo (events.js:106:13)
      at ReadStream.emit (events.js:191:7)
      at emitKeys (internal/readline.js:389:14)
      at next (native)
      at ReadStream.onData (readline.js:970:36)

npm manifest: 
  No manifest

yarn manifest: 
  No manifest

Lockfile: 
  No lockfile
